<?xml version="1.0" encoding="UTF-8"?>
<!-- Generated by org.testng.reporters.JUnitReportReporter -->
<testsuite skipped="0" hostname="Air-cua-Macbook" name="test.TestRegister" tests="5" failures="0" timestamp="2022-08-17T22:28:16 ICT" time="25.466" errors="0">
  <testcase name="registerWithEmptyEmailAndPass" time="4.804" classname="test.TestRegister"/>
  <system-out/>
  <testcase name="registerWithEmptyEmail" time="5.084" classname="test.TestRegister"/>
  <system-out/>
  <testcase name="registerWithEmptyPass" time="4.403" classname="test.TestRegister"/>
  <system-out/>
  <testcase name="registerWithInvalidEmail" time="4.481" classname="test.TestRegister"/>
  <system-out/>
  <testcase name="registerWithValidAccount" time="6.694" classname="test.TestRegister"/>
  <system-out/>
</testsuite> <!-- test.TestRegister -->
