<?xml version="1.0" encoding="UTF-8"?>
<!-- Generated by org.testng.reporters.JUnitReportReporter -->
<testsuite skipped="0" hostname="nexle-HP-ZBook-15-G3" name="test.TestLogin" tests="8" failures="0" timestamp="2022-08-19T15:09:04 WIB" time="47.962" errors="0">
  <testcase name="loginWithEmptyUserAndPassword" time="6.813" classname="test.TestLogin"/>
  <system-out/>
  <testcase name="checkIfPasswordIsMasked" time="2.957" classname="test.TestLogin"/>
  <system-out/>
  <testcase name="loginWithEmptyPassword" time="4.496" classname="test.TestLogin"/>
  <system-out/>
  <testcase name="loginWithEmptyUser" time="4.288" classname="test.TestLogin"/>
  <system-out/>
  <testcase name="loginWithInvalidAccount" time="5.103" classname="test.TestLogin"/>
  <system-out/>
  <testcase name="loginWithNonExistAccount" time="4.983" classname="test.TestLogin"/>
  <system-out/>
  <testcase name="loginWithValidAccount" time="8.593" classname="test.TestLogin"/>
  <system-out/>
  <testcase name="loginAuthentication" time="10.729" classname="test.TestLogin"/>
  <system-out/>
</testsuite> <!-- test.TestLogin -->
