<?xml version="1.0" encoding="UTF-8"?>
<!-- Generated by org.testng.reporters.JUnitReportReporter -->
<testsuite skipped="0" hostname="nexle-HP-ZBook-15-G3" name="test.TestRegister" tests="5" failures="0" timestamp="2022-08-18T08:31:21 WIB" time="36.045" errors="0">
  <testcase name="registerWithEmptyEmailAndPass" time="6.387" classname="test.TestRegister"/>
  <system-out/>
  <testcase name="registerWithEmptyEmail" time="6.929" classname="test.TestRegister"/>
  <system-out/>
  <testcase name="registerWithEmptyPass" time="6.365" classname="test.TestRegister"/>
  <system-out/>
  <testcase name="registerWithInvalidEmail" time="7.663" classname="test.TestRegister"/>
  <system-out/>
  <testcase name="registerWithValidAccount" time="8.701" classname="test.TestRegister"/>
  <system-out/>
</testsuite> <!-- test.TestRegister -->
