<?xml version="1.0" encoding="UTF-8"?>
<!-- Generated by org.testng.reporters.JUnitReportReporter -->
<testsuite skipped="0" hostname="nexle-HP-ZBook-15-G3" name="test.TestMyAccountPage" tests="2" failures="0" timestamp="2022-08-19T15:09:04 WIB" time="26.771" errors="0">
  <testcase name="myAccountDashboard" time="11.833" classname="test.TestMyAccountPage"/>
  <system-out/>
  <testcase name="MyAccountOrders" time="14.938" classname="test.TestMyAccountPage"/>
  <system-out/>
</testsuite> <!-- test.TestMyAccountPage -->
