<?xml version="1.0" encoding="UTF-8"?>
<!-- Generated by org.testng.reporters.JUnitReportReporter -->
<testsuite skipped="0" hostname="Air-cua-Macbook" name="test.TestRegister" tests="5" failures="0" timestamp="2022-08-17T22:26:55 ICT" time="26.547" errors="0">
  <testcase name="registerWithEmptyEmailAndPass" time="4.929" classname="test.TestRegister"/>
  <system-out/>
  <testcase name="registerWithEmptyEmail" time="4.840" classname="test.TestRegister"/>
  <system-out/>
  <testcase name="registerWithEmptyPass" time="4.348" classname="test.TestRegister"/>
  <system-out/>
  <testcase name="registerWithInvalidEmail" time="5.116" classname="test.TestRegister"/>
  <system-out/>
  <testcase name="registerWithValidAccount" time="7.314" classname="test.TestRegister"/>
  <system-out/>
</testsuite> <!-- test.TestRegister -->
