<?xml version="1.0" encoding="UTF-8"?>
<!-- Generated by org.testng.reporters.JUnitReportReporter -->
<testsuite skipped="0" hostname="nexle-HP-ZBook-15-G3" name="test.TestLogin" tests="8" failures="0" timestamp="2022-08-18T17:08:18 WIB" time="65.892" errors="0">
  <testcase name="checkIfPasswordIsMasked" time="3.001" classname="test.TestLogin"/>
  <system-out/>
  <testcase name="loginWithEmptyUserAndPassword" time="5.283" classname="test.TestLogin"/>
  <system-out/>
  <testcase name="loginWithEmptyPassword" time="4.462" classname="test.TestLogin"/>
  <system-out/>
  <testcase name="loginWithEmptyUser" time="4.637" classname="test.TestLogin"/>
  <system-out/>
  <testcase name="loginWithInvalidAccount" time="6.115" classname="test.TestLogin"/>
  <system-out/>
  <testcase name="loginWithNonExistAccount" time="4.224" classname="test.TestLogin"/>
  <system-out/>
  <testcase name="loginWithValidAccount" time="9.334" classname="test.TestLogin"/>
  <system-out/>
  <testcase name="loginAuthentication" time="28.836" classname="test.TestLogin"/>
  <system-out/>
</testsuite> <!-- test.TestLogin -->
