<?xml version="1.0" encoding="UTF-8"?>
<!-- Generated by org.testng.reporters.JUnitReportReporter -->
<testsuite skipped="0" hostname="nexle-HP-ZBook-15-G3" name="test.TestRegister" tests="5" failures="0" timestamp="2022-08-19T15:09:04 WIB" time="33.613" errors="0">
  <testcase name="registerWithEmptyEmailAndPass" time="6.744" classname="test.TestRegister"/>
  <system-out/>
  <testcase name="registerWithEmptyEmail" time="5.495" classname="test.TestRegister"/>
  <system-out/>
  <testcase name="registerWithEmptyPass" time="5.049" classname="test.TestRegister"/>
  <system-out/>
  <testcase name="registerWithInvalidEmail" time="6.183" classname="test.TestRegister"/>
  <system-out/>
  <testcase name="registerWithValidAccount" time="10.142" classname="test.TestRegister"/>
  <system-out/>
</testsuite> <!-- test.TestRegister -->
