<?xml version="1.0" encoding="UTF-8"?>
<!-- Generated by org.testng.reporters.JUnitReportReporter -->
<testsuite skipped="0" hostname="nexle-HP-ZBook-15-G3" name="test.TestRegister" tests="5" failures="0" timestamp="2022-08-18T17:08:18 WIB" time="29.425" errors="0">
  <testcase name="registerWithEmptyEmailAndPass" time="5.327" classname="test.TestRegister"/>
  <system-out/>
  <testcase name="registerWithEmptyEmail" time="5.991" classname="test.TestRegister"/>
  <system-out/>
  <testcase name="registerWithEmptyPass" time="5.434" classname="test.TestRegister"/>
  <system-out/>
  <testcase name="registerWithInvalidEmail" time="4.748" classname="test.TestRegister"/>
  <system-out/>
  <testcase name="registerWithValidAccount" time="7.925" classname="test.TestRegister"/>
  <system-out/>
</testsuite> <!-- test.TestRegister -->
