<?xml version="1.0" encoding="UTF-8"?>
<!-- Generated by org.testng.reporters.JUnitReportReporter -->
<testsuite skipped="0" hostname="Air-cua-Macbook" name="test.TestLogin" tests="8" failures="0" timestamp="2022-08-18T21:03:24 ICT" time="81.219" errors="0">
  <testcase name="checkIfPasswordIsMasked" time="1.647" classname="test.TestLogin"/>
  <system-out/>
  <testcase name="loginWithEmptyUserAndPassword" time="2.346" classname="test.TestLogin"/>
  <system-out/>
  <testcase name="loginWithEmptyPassword" time="2.796" classname="test.TestLogin"/>
  <system-out/>
  <testcase name="loginWithEmptyUser" time="2.282" classname="test.TestLogin"/>
  <system-out/>
  <testcase name="loginWithInvalidAccount" time="2.564" classname="test.TestLogin"/>
  <system-out/>
  <testcase name="loginWithNonExistAccount" time="2.277" classname="test.TestLogin"/>
  <system-out/>
  <testcase name="loginWithValidAccount" time="5.995" classname="test.TestLogin"/>
  <system-out/>
  <testcase name="loginAuthentication" time="61.312" classname="test.TestLogin"/>
  <system-out/>
</testsuite> <!-- test.TestLogin -->
