<?xml version="1.0" encoding="UTF-8"?>
<!-- Generated by org.testng.reporters.JUnitReportReporter -->
<testsuite skipped="0" hostname="nexle-HP-ZBook-15-G3" name="test.TestRegister" tests="5" failures="0" timestamp="2022-08-18T09:20:14 WIB" time="30.969" errors="0">
  <testcase name="registerWithEmptyEmailAndPass" time="6.514" classname="test.TestRegister"/>
  <system-out/>
  <testcase name="registerWithEmptyEmail" time="5.968" classname="test.TestRegister"/>
  <system-out/>
  <testcase name="registerWithEmptyPass" time="5.202" classname="test.TestRegister"/>
  <system-out/>
  <testcase name="registerWithInvalidEmail" time="5.375" classname="test.TestRegister"/>
  <system-out/>
  <testcase name="registerWithValidAccount" time="7.910" classname="test.TestRegister"/>
  <system-out/>
</testsuite> <!-- test.TestRegister -->
