<?xml version="1.0" encoding="UTF-8"?>
<!-- Generated by org.testng.reporters.JUnitReportReporter -->
<testsuite skipped="0" hostname="Air-cua-Macbook" name="test.TestRegister" tests="5" failures="0" timestamp="2022-08-18T22:09:17 ICT" time="27.679" errors="0">
  <testcase name="registerWithEmptyEmailAndPass" time="5.520" classname="test.TestRegister"/>
  <system-out/>
  <testcase name="registerWithEmptyEmail" time="4.833" classname="test.TestRegister"/>
  <system-out/>
  <testcase name="registerWithEmptyPass" time="5.531" classname="test.TestRegister"/>
  <system-out/>
  <testcase name="registerWithInvalidEmail" time="4.538" classname="test.TestRegister"/>
  <system-out/>
  <testcase name="registerWithValidAccount" time="7.257" classname="test.TestRegister"/>
  <system-out/>
</testsuite> <!-- test.TestRegister -->
