<?xml version="1.0" encoding="UTF-8"?>
<!-- Generated by org.testng.reporters.JUnitReportReporter -->
<testsuite skipped="0" hostname="nexle-HP-ZBook-15-G3" name="test.TestRegister" tests="5" failures="0" timestamp="2022-08-18T08:13:43 WIB" time="36.523" errors="0">
  <testcase name="registerWithEmptyEmailAndPass" time="7.039" classname="test.TestRegister"/>
  <system-out/>
  <testcase name="registerWithEmptyEmail" time="7.205" classname="test.TestRegister"/>
  <system-out/>
  <testcase name="registerWithEmptyPass" time="6.672" classname="test.TestRegister"/>
  <system-out/>
  <testcase name="registerWithInvalidEmail" time="6.410" classname="test.TestRegister"/>
  <system-out/>
  <testcase name="registerWithValidAccount" time="9.197" classname="test.TestRegister"/>
  <system-out/>
</testsuite> <!-- test.TestRegister -->
