<?xml version="1.0" encoding="UTF-8"?>
<!-- Generated by org.testng.reporters.JUnitReportReporter -->
<testsuite skipped="0" hostname="Air-cua-Macbook" name="test.TestRegister" tests="5" failures="0" timestamp="2022-08-18T21:03:24 ICT" time="20.216" errors="0">
  <testcase name="registerWithEmptyEmailAndPass" time="3.269" classname="test.TestRegister"/>
  <system-out/>
  <testcase name="registerWithEmptyEmail" time="3.378" classname="test.TestRegister"/>
  <system-out/>
  <testcase name="registerWithEmptyPass" time="3.201" classname="test.TestRegister"/>
  <system-out/>
  <testcase name="registerWithInvalidEmail" time="3.911" classname="test.TestRegister"/>
  <system-out/>
  <testcase name="registerWithValidAccount" time="6.457" classname="test.TestRegister"/>
  <system-out/>
</testsuite> <!-- test.TestRegister -->
