<?xml version="1.0" encoding="UTF-8"?>
<!-- Generated by org.testng.reporters.JUnitReportReporter -->
<testsuite skipped="0" hostname="Air-cua-Macbook" name="test.TestLogin" tests="8" failures="0" timestamp="2022-08-18T22:09:17 ICT" time="37.650" errors="0">
  <testcase name="loginWithEmptyUserAndPassword" time="6.406" classname="test.TestLogin"/>
  <system-out/>
  <testcase name="checkIfPasswordIsMasked" time="3.104" classname="test.TestLogin"/>
  <system-out/>
  <testcase name="loginWithEmptyPassword" time="2.912" classname="test.TestLogin"/>
  <system-out/>
  <testcase name="loginWithEmptyUser" time="3.073" classname="test.TestLogin"/>
  <system-out/>
  <testcase name="loginWithInvalidAccount" time="2.774" classname="test.TestLogin"/>
  <system-out/>
  <testcase name="loginWithNonExistAccount" time="2.784" classname="test.TestLogin"/>
  <system-out/>
  <testcase name="loginWithValidAccount" time="7.259" classname="test.TestLogin"/>
  <system-out/>
  <testcase name="loginAuthentication" time="9.338" classname="test.TestLogin"/>
  <system-out/>
</testsuite> <!-- test.TestLogin -->
